<?xml version="1.0" encoding="UTF-8"?>
<!-- Generated by org.testng.reporters.JUnitReportReporter -->
<testsuite skipped="0" hostname="CAD238" name="com.practice.testng.FirstAssertTest" tests="1" failures="0" timestamp="21 Sep 2018 13:40:30 GMT" time="0.009" errors="0">
  <testcase name="firstTest" time="0.009" classname="com.practice.testng.FirstAssertTest"/>
</testsuite> <!-- com.practice.testng.FirstAssertTest -->
